2026-01-10 21:22:45,668 - db_helper - INFO - Fetching expenses for date called with 2026-01-10
2026-01-10 21:22:45,800 - db_helper - INFO - Insert expenses with date: 2026-01-10,amount:40,category:Coconut water,notes:Healthy drinks
2026-01-10 21:22:46,096 - db_helper - INFO - Fetching expenses for date called with 2026-02-10
2026-01-10 21:22:46,110 - db_helper - INFO - Expenses expenses for date called with 2026-01-10
2026-01-10 21:22:46,625 - db_helper - INFO - Fetching expenses for date called with 2026-02-10
2026-01-10 21:22:46,638 - db_helper - INFO - Expenses expenses for date called with 2026-01-10
2026-01-10 21:22:46,650 - db_helper - INFO - Expenses expenses for date called with 2026-01-10
2026-01-10 21:22:46,690 - db_helper - INFO - Fetch expenses summary between date:2024-08-02 and date: 2024-08-03
2026-01-10 21:24:10,893 - db_helper - INFO - Fetching expenses for date called with 2026-01-10
2026-01-10 21:24:10,974 - db_helper - INFO - Insert expenses with date: 2026-01-10,amount:40,category:Coconut water,notes:Healthy drinks
2026-01-10 21:24:11,100 - db_helper - INFO - Fetching expenses for date called with 2026-02-10
2026-01-10 21:24:11,115 - db_helper - INFO - Expenses expenses for date called with 2026-01-10
2026-01-10 21:24:11,189 - db_helper - INFO - Fetching expenses for date called with 2026-02-10
2026-01-10 21:24:11,203 - db_helper - INFO - Expenses expenses for date called with 2026-01-10
2026-01-10 21:24:11,224 - db_helper - INFO - Expenses expenses for date called with 2026-01-10
2026-01-10 21:24:11,238 - db_helper - INFO - Fetch expenses summary between date:2024-08-02 and date: 2024-08-03
2026-01-10 21:33:02,475 - db_helper - INFO - Fetching expenses for date called with 2026-01-10
2026-01-10 21:33:02,536 - db_helper - INFO - Insert expenses with date: 2026-01-10,amount:40,category:Coconut water,notes:Healthy drinks
2026-01-10 21:33:02,646 - db_helper - INFO - Fetching expenses for date called with 2026-02-10
2026-01-10 21:33:02,672 - db_helper - INFO - Expenses expenses for date called with 2026-01-10
2026-01-10 21:33:02,822 - db_helper - INFO - Fetching expenses for date called with 2026-02-10
2026-01-10 21:33:02,849 - db_helper - INFO - Expenses expenses for date called with 2026-01-10
2026-01-10 21:33:02,864 - db_helper - INFO - Expenses expenses for date called with 2026-01-10
2026-01-10 21:33:02,879 - db_helper - INFO - Fetch expenses summary between date:2024-08-02 and date: 2024-08-03
2026-01-10 21:39:38,101 - db_helper - INFO - Expenses expenses for date called with 2026-01-01
2026-01-10 21:39:38,155 - db_helper - INFO - Insert expenses with date: 2026-01-01,amount:100.0,category:Icecream,notes:Straberry
2026-01-11 11:14:20,081 - db_helper - INFO - Fetching expenses for date called with 2024-08-02
2026-01-11 11:14:27,214 - db_helper - INFO - Fetching expenses for date called with 2024-08-14
2026-01-11 11:14:51,472 - db_helper - INFO - Fetching expenses for date called with 2024-08-02
2026-01-11 11:33:17,866 - db_helper - INFO - Fetching expenses for date called with 2024-08-02
2026-01-11 11:37:49,747 - db_helper - INFO - Fetching expenses for date called with 2024-08-02
2026-01-11 11:37:58,041 - db_helper - INFO - Fetching expenses for date called with 2024-08-02
2026-01-11 11:43:45,997 - db_helper - INFO - Fetching expenses for date called with 2024-08-02
2026-01-11 11:55:00,088 - db_helper - INFO - Fetching expenses for date called with 2024-08-02
2026-01-11 11:59:48,745 - db_helper - INFO - Fetching expenses for date called with 2024-08-02
2026-01-11 12:00:56,466 - db_helper - INFO - Fetching expenses for date called with 2024-08-02
2026-01-11 12:01:08,743 - db_helper - INFO - Fetching expenses for date called with 2024-08-02
2026-01-11 12:01:53,171 - db_helper - INFO - Fetching expenses for date called with 2024-08-02
2026-01-11 12:06:40,618 - db_helper - INFO - Fetching expenses for date called with 2024-08-14
2026-01-11 12:06:48,468 - db_helper - INFO - Fetching expenses for date called with 2024-08-12
2026-01-11 12:07:13,685 - db_helper - INFO - Fetching expenses for date called with 2024-08-03
2026-01-11 12:07:26,812 - db_helper - INFO - Fetching expenses for date called with 2024-08-05
2026-01-11 12:07:32,307 - db_helper - INFO - Fetching expenses for date called with 2024-08-04
2026-01-11 12:08:47,208 - db_helper - INFO - Fetching expenses for date called with 2024-08-05
2026-01-11 12:08:57,613 - db_helper - INFO - Fetching expenses for date called with 2024-08-03
2026-01-11 12:09:06,509 - db_helper - INFO - Fetching expenses for date called with 2024-08-02
2026-01-11 12:10:27,750 - db_helper - INFO - Fetching expenses for date called with 2024-08-02
2026-01-11 12:10:34,750 - db_helper - INFO - Fetching expenses for date called with 2024-08-04
2026-01-11 12:10:52,894 - db_helper - INFO - Fetching expenses for date called with 2024-08-05
2026-01-11 12:11:34,487 - db_helper - INFO - Fetching expenses for date called with 2024-08-04
2026-01-11 12:12:21,609 - db_helper - INFO - Fetching expenses for date called with 2024-08-04
2026-01-11 12:12:36,875 - db_helper - INFO - Fetching expenses for date called with 2024-08-04
2026-01-11 12:12:54,419 - db_helper - INFO - Fetching expenses for date called with 2024-08-05
2026-01-11 12:13:08,885 - db_helper - INFO - Fetching expenses for date called with 2024-08-02
2026-01-11 12:13:18,203 - db_helper - INFO - Fetching expenses for date called with 2024-08-03
2026-01-11 12:13:24,062 - db_helper - INFO - Fetching expenses for date called with 2024-08-02
2026-01-11 12:13:46,854 - db_helper - INFO - Fetching expenses for date called with 2024-08-03
2026-01-11 12:16:36,879 - db_helper - INFO - Fetching expenses for date called with 2024-08-02
2026-01-11 12:16:41,316 - db_helper - INFO - Fetching expenses for date called with 2024-08-03
2026-01-11 12:17:36,589 - db_helper - INFO - Fetching expenses for date called with 2024-08-23
2026-01-11 12:17:46,696 - db_helper - INFO - Fetching expenses for date called with 2024-08-31
2026-01-11 12:18:35,738 - db_helper - INFO - Fetching expenses for date called with 2024-08-31
2026-01-11 12:39:43,998 - db_helper - INFO - Fetching expenses for date called with 2024-08-02
2026-01-11 12:39:54,026 - db_helper - INFO - Fetching expenses for date called with 2024-08-03
2026-01-11 12:46:09,515 - db_helper - INFO - Fetching expenses for date called with 2024-08-03
2026-01-11 12:46:20,060 - db_helper - INFO - Fetching expenses for date called with 2024-08-02
2026-01-11 12:46:31,504 - db_helper - INFO - Fetching expenses for date called with 2024-08-03
2026-01-11 12:47:36,101 - db_helper - INFO - Fetching expenses for date called with 2024-08-02
2026-01-11 12:47:46,371 - db_helper - INFO - Fetching expenses for date called with 2024-08-03
2026-01-11 12:48:50,815 - db_helper - INFO - Fetching expenses for date called with 2024-08-02
2026-01-11 12:48:59,085 - db_helper - INFO - Fetching expenses for date called with 2024-08-03
2026-01-11 12:57:52,784 - db_helper - INFO - Fetching expenses for date called with 2024-08-03
2026-01-11 12:58:05,127 - db_helper - INFO - Fetching expenses for date called with 2024-08-04
2026-01-11 12:58:12,032 - db_helper - INFO - Fetching expenses for date called with 2024-08-02
2026-01-11 12:58:25,908 - db_helper - INFO - Fetching expenses for date called with 2024-08-03
2026-01-11 12:58:31,980 - db_helper - INFO - Fetching expenses for date called with 2024-08-04
2026-01-11 12:59:45,000 - db_helper - INFO - Fetching expenses for date called with 2024-08-02
2026-01-11 12:59:55,620 - db_helper - INFO - Fetching expenses for date called with 2024-08-03
2026-01-11 13:05:38,407 - db_helper - INFO - Fetching expenses for date called with 2024-08-03
2026-01-11 13:05:44,832 - db_helper - INFO - Fetching expenses for date called with 2024-08-02
2026-01-11 13:05:49,833 - db_helper - INFO - Fetching expenses for date called with 2024-08-02
2026-01-11 13:05:59,224 - db_helper - INFO - Fetching expenses for date called with 2024-08-03
2026-01-11 13:35:54,958 - db_helper - INFO - Fetching expenses for date called with 2024-08-02
2026-01-11 13:36:03,783 - db_helper - INFO - Fetching expenses for date called with 2024-08-03
2026-01-11 13:37:35,356 - db_helper - INFO - Fetching expenses for date called with 2024-08-02
2026-01-11 13:37:42,600 - db_helper - INFO - Fetching expenses for date called with 2024-08-05
2026-01-11 13:42:08,827 - db_helper - INFO - Fetching expenses for date called with 2024-08-02
2026-01-11 13:42:19,753 - db_helper - INFO - Fetching expenses for date called with 2024-08-03
2026-01-11 13:43:29,114 - db_helper - INFO - Fetching expenses for date called with 2024-08-03
2026-01-11 13:43:35,347 - db_helper - INFO - Fetching expenses for date called with 2024-08-02
2026-01-11 13:43:39,070 - db_helper - INFO - Fetching expenses for date called with 2024-08-03
2026-01-11 13:43:41,334 - db_helper - INFO - Fetching expenses for date called with 2024-08-02
2026-01-11 13:43:44,971 - db_helper - INFO - Fetching expenses for date called with 2024-08-03
2026-01-11 13:46:15,741 - db_helper - INFO - Fetching expenses for date called with 2024-08-03
2026-01-11 13:46:23,054 - db_helper - INFO - Fetching expenses for date called with 2024-08-10
2026-01-11 13:52:47,118 - db_helper - INFO - Fetching expenses for date called with 2024-08-10
2026-01-11 13:52:54,405 - db_helper - INFO - Fetching expenses for date called with 2024-08-02
2026-01-11 13:53:06,794 - db_helper - INFO - Fetching expenses for date called with 2024-08-03
2026-01-11 13:57:27,045 - db_helper - INFO - Fetching expenses for date called with 2024-08-02
2026-01-11 13:57:38,322 - db_helper - INFO - Fetching expenses for date called with 2024-08-03
2026-01-11 13:58:49,360 - db_helper - INFO - Fetching expenses for date called with 2024-08-05
2026-01-11 13:59:42,994 - db_helper - INFO - Fetching expenses for date called with 2024-08-07
2026-01-11 14:10:39,187 - db_helper - INFO - Fetching expenses for date called with 2024-08-02
2026-01-11 14:10:50,183 - db_helper - INFO - Fetching expenses for date called with 2024-08-07
2026-01-11 14:11:21,368 - db_helper - INFO - Fetching expenses for date called with 2024-08-07
2026-01-11 14:11:23,489 - db_helper - INFO - Expenses expenses for date called with 2024-08-07
2026-01-11 14:11:23,622 - db_helper - INFO - Insert expenses with date: 2024-08-07,amount:20.0,category:Rent,notes:strawberry
2026-01-11 14:17:01,939 - db_helper - INFO - Fetching expenses for date called with 2024-08-07
2026-01-11 16:14:11,087 - db_helper - INFO - Fetch expenses summary between date:2026-01-11 and date: 2026-01-11
2026-01-11 16:51:01,525 - db_helper - INFO - Fetching expenses for date called with 2024-08-07
2026-01-11 16:51:14,905 - db_helper - INFO - Fetching expenses for date called with 2024-08-09
2026-01-11 16:51:28,376 - db_helper - INFO - Fetching expenses for date called with 2024-08-13
2026-01-11 16:53:04,030 - db_helper - INFO - Fetching expenses for date called with 2024-08-02
2026-01-11 16:53:07,978 - db_helper - INFO - Fetching expenses for date called with 2024-08-02
2026-01-11 17:02:57,222 - db_helper - INFO - Fetching expenses for date called with 2024-08-02
2026-01-11 17:04:23,986 - db_helper - INFO - Fetching expenses for date called with 2024-08-02
2026-01-11 17:05:54,297 - db_helper - INFO - Fetching expenses for date called with 2024-08-02
2026-01-11 17:06:52,869 - db_helper - INFO - Fetching expenses for date called with 2024-08-02
2026-01-11 17:08:11,838 - db_helper - INFO - Fetching expenses for date called with 2024-08-02
2026-01-11 17:09:56,973 - db_helper - INFO - Fetching expenses for date called with 2024-08-02
2026-01-11 17:10:09,593 - db_helper - INFO - Fetching expenses for date called with 2024-08-03
2026-01-11 17:11:08,063 - db_helper - INFO - Fetching expenses for date called with 2024-08-03
2026-01-11 17:11:20,112 - db_helper - INFO - Fetching expenses for date called with 2024-08-02
2026-01-11 17:11:39,710 - db_helper - INFO - Fetching expenses for date called with 2024-08-02
2026-01-11 17:11:41,864 - db_helper - INFO - Expenses expenses for date called with 2024-08-02
2026-01-11 17:11:42,209 - db_helper - INFO - Insert expenses with date: 2024-08-02,amount:100.0,category:Shopping,notes:Clothes
2026-01-11 17:11:43,384 - db_helper - INFO - Fetching expenses for date called with 2024-08-03
2026-01-11 17:11:56,910 - db_helper - INFO - Fetching expenses for date called with 2024-08-02
2026-01-11 17:12:08,273 - db_helper - INFO - Fetching expenses for date called with 2024-08-05
2026-01-11 17:13:49,353 - db_helper - INFO - Fetching expenses for date called with 2024-08-05
2026-01-11 17:14:01,037 - db_helper - INFO - Fetching expenses for date called with 2024-08-01
2026-01-11 17:18:51,859 - db_helper - INFO - Fetching expenses for date called with 2024-08-01
2026-01-11 17:24:58,476 - db_helper - INFO - Fetching expenses for date called with 2024-08-01
2026-01-11 17:26:30,408 - db_helper - INFO - Fetching expenses for date called with 2024-08-01
2026-01-11 17:26:32,651 - db_helper - INFO - Fetch expenses summary between date:2024-08-02 and date: 2024-08-03
2026-01-11 17:35:38,045 - db_helper - INFO - Fetching expenses for date called with 2024-08-02
2026-01-11 17:35:44,268 - db_helper - INFO - Fetching expenses for date called with 2024-08-02
2026-01-11 17:35:46,486 - db_helper - INFO - Fetch expenses summary between date:2024-08-02 and date: 2024-08-03
2026-01-11 17:38:31,428 - db_helper - INFO - Fetching expenses for date called with 2024-08-02
2026-01-11 17:38:35,904 - db_helper - INFO - Fetching expenses for date called with 2024-08-02
2026-01-11 17:38:38,039 - db_helper - INFO - Fetch expenses summary between date:2024-08-02 and date: 2024-08-03
2026-01-11 17:39:30,325 - db_helper - INFO - Fetching expenses for date called with 2024-08-02
2026-01-11 17:48:32,476 - db_helper - INFO - Fetching expenses for date called with 2024-08-02
2026-01-11 17:48:38,416 - db_helper - INFO - Fetching expenses for date called with 2024-08-02
2026-01-11 17:48:40,597 - db_helper - INFO - Fetch expenses summary between date:2024-08-02 and date: 2024-08-03
2026-01-11 17:49:57,974 - db_helper - INFO - Fetching expenses for date called with 2024-08-02
2026-01-11 17:50:03,052 - db_helper - INFO - Fetching expenses for date called with 2024-08-02
2026-01-11 17:50:05,234 - db_helper - INFO - Fetch expenses summary between date:2024-08-02 and date: 2024-08-03
